{"total": {"lines":{"total":387,"covered":239,"skipped":0,"pct":61.75},"statements":{"total":434,"covered":262,"skipped":0,"pct":60.36},"functions":{"total":212,"covered":159,"skipped":0,"pct":75},"branches":{"total":181,"covered":98,"skipped":0,"pct":54.14},"branchesTrue":{"total":0,"covered":0,"skipped":0,"pct":100}}
,"/home/apesch/.openclaw/workspace/retrovault/src/data/achievements.ts": {"lines":{"total":137,"covered":130,"skipped":0,"pct":94.89},"functions":{"total":133,"covered":126,"skipped":0,"pct":94.73},"statements":{"total":141,"covered":134,"skipped":0,"pct":95.03},"branches":{"total":18,"covered":10,"skipped":0,"pct":55.55}}
,"/home/apesch/.openclaw/workspace/retrovault/src/data/changelog.ts": {"lines":{"total":1,"covered":0,"skipped":0,"pct":0},"functions":{"total":0,"covered":0,"skipped":0,"pct":100},"statements":{"total":1,"covered":0,"skipped":0,"pct":0},"branches":{"total":0,"covered":0,"skipped":0,"pct":100}}
,"/home/apesch/.openclaw/workspace/retrovault/src/data/consoles.ts": {"lines":{"total":11,"covered":0,"skipped":0,"pct":0},"functions":{"total":4,"covered":0,"skipped":0,"pct":0},"statements":{"total":13,"covered":0,"skipped":0,"pct":0},"branches":{"total":2,"covered":0,"skipped":0,"pct":0}}
,"/home/apesch/.openclaw/workspace/retrovault/src/data/guide.ts": {"lines":{"total":1,"covered":0,"skipped":0,"pct":0},"functions":{"total":0,"covered":0,"skipped":0,"pct":100},"statements":{"total":1,"covered":0,"skipped":0,"pct":0},"branches":{"total":0,"covered":0,"skipped":0,"pct":100}}
,"/home/apesch/.openclaw/workspace/retrovault/src/data/navConfig.ts": {"lines":{"total":6,"covered":0,"skipped":0,"pct":0},"functions":{"total":4,"covered":0,"skipped":0,"pct":0},"statements":{"total":7,"covered":0,"skipped":0,"pct":0},"branches":{"total":2,"covered":0,"skipped":0,"pct":0}}
,"/home/apesch/.openclaw/workspace/retrovault/src/data/platformGroups.ts": {"lines":{"total":3,"covered":0,"skipped":0,"pct":0},"functions":{"total":1,"covered":0,"skipped":0,"pct":0},"statements":{"total":4,"covered":0,"skipped":0,"pct":0},"branches":{"total":0,"covered":0,"skipped":0,"pct":100}}
,"/home/apesch/.openclaw/workspace/retrovault/src/data/quotes.ts": {"lines":{"total":4,"covered":0,"skipped":0,"pct":0},"functions":{"total":2,"covered":0,"skipped":0,"pct":0},"statements":{"total":4,"covered":0,"skipped":0,"pct":0},"branches":{"total":0,"covered":0,"skipped":0,"pct":100}}
,"/home/apesch/.openclaw/workspace/retrovault/src/data/themes.ts": {"lines":{"total":3,"covered":0,"skipped":0,"pct":0},"functions":{"total":0,"covered":0,"skipped":0,"pct":100},"statements":{"total":3,"covered":0,"skipped":0,"pct":0},"branches":{"total":0,"covered":0,"skipped":0,"pct":100}}
,"/home/apesch/.openclaw/workspace/retrovault/src/hooks/index.ts": {"lines":{"total":0,"covered":0,"skipped":0,"pct":100},"functions":{"total":0,"covered":0,"skipped":0,"pct":100},"statements":{"total":0,"covered":0,"skipped":0,"pct":100},"branches":{"total":0,"covered":0,"skipped":0,"pct":100}}
,"/home/apesch/.openclaw/workspace/retrovault/src/hooks/useCritics.ts": {"lines":{"total":24,"covered":0,"skipped":0,"pct":0},"functions":{"total":13,"covered":0,"skipped":0,"pct":0},"statements":{"total":29,"covered":0,"skipped":0,"pct":0},"branches":{"total":10,"covered":0,"skipped":0,"pct":0}}
,"/home/apesch/.openclaw/workspace/retrovault/src/hooks/useInventory.ts": {"lines":{"total":13,"covered":0,"skipped":0,"pct":0},"functions":{"total":7,"covered":0,"skipped":0,"pct":0},"statements":{"total":15,"covered":0,"skipped":0,"pct":0},"branches":{"total":0,"covered":0,"skipped":0,"pct":100}}
,"/home/apesch/.openclaw/workspace/retrovault/src/hooks/usePriceData.ts": {"lines":{"total":31,"covered":31,"skipped":0,"pct":100},"functions":{"total":10,"covered":10,"skipped":0,"pct":100},"statements":{"total":45,"covered":43,"skipped":0,"pct":95.55},"branches":{"total":49,"covered":40,"skipped":0,"pct":81.63}}
,"/home/apesch/.openclaw/workspace/retrovault/src/lib/apiAuth.ts": {"lines":{"total":45,"covered":45,"skipped":0,"pct":100},"functions":{"total":14,"covered":14,"skipped":0,"pct":100},"statements":{"total":50,"covered":49,"skipped":0,"pct":98},"branches":{"total":41,"covered":34,"skipped":0,"pct":82.92}}
,"/home/apesch/.openclaw/workspace/retrovault/src/lib/data.ts": {"lines":{"total":10,"covered":10,"skipped":0,"pct":100},"functions":{"total":3,"covered":3,"skipped":0,"pct":100},"statements":{"total":11,"covered":11,"skipped":0,"pct":100},"branches":{"total":2,"covered":2,"skipped":0,"pct":100}}
,"/home/apesch/.openclaw/workspace/retrovault/src/lib/prisma.ts": {"lines":{"total":16,"covered":0,"skipped":0,"pct":0},"functions":{"total":3,"covered":0,"skipped":0,"pct":0},"statements":{"total":16,"covered":0,"skipped":0,"pct":0},"branches":{"total":8,"covered":0,"skipped":0,"pct":0}}
,"/home/apesch/.openclaw/workspace/retrovault/src/lib/scheduler.ts": {"lines":{"total":82,"covered":23,"skipped":0,"pct":28.04},"functions":{"total":18,"covered":6,"skipped":0,"pct":33.33},"statements":{"total":94,"covered":25,"skipped":0,"pct":26.59},"branches":{"total":49,"covered":12,"skipped":0,"pct":24.48}}
}
